<?xml version="1.0" encoding="UTF-8"?>
<!-- Generated by org.testng.reporters.JUnitReportReporter -->
<testsuite hostname="Acer-lt" failures="0" tests="1" name="AutomateGet" time="3.542" errors="0" timestamp="2022-11-30T20:47:41 CET" skipped="0">
  <testcase classname="AutomateGet" name="test" time="3.542"/>
</testsuite> <!-- AutomateGet -->
